{
  "stats": {
    "suites": 0,
    "tests": 2,
    "passes": 2,
    "pending": 0,
    "failures": 0,
    "start": "2023-02-22T15:53:44.968Z",
    "end": "2023-02-22T15:54:26.775Z",
    "duration": 41807,
    "testsRegistered": 2,
    "passPercent": 100,
    "pendingPercent": 0,
    "other": 0,
    "hasOther": false,
    "skipped": 0,
    "hasSkipped": false
  },
  "results": [
    {
      "uuid": "5d9cd1d7-9c47-4853-8754-f4a29e6ec6e3",
      "title": "",
      "fullFile": "cypress/integration/checkout.ts",
      "file": "cypress/integration/checkout.ts",
      "beforeHooks": [],
      "afterHooks": [],
      "tests": [
        {
          "title": "As a user I can checkout items in the item cart",
          "fullTitle": "As a user I can checkout items in the item cart",
          "timedOut": null,
          "duration": 25912,
          "state": "passed",
          "speed": "slow",
          "pass": true,
          "fail": false,
          "pending": false,
          "context": null,
          "code": "loginPage.login(URL, 'standard_user', 'secret_sauce');\nloginPage.assertLogin();\ndashboardPage.addSauceLabsBackpack();\ndashboardPage.clickShoppingChart();\nchartPage.sauceLabsBackpack();\nchartPage.clickCheckoutbtn();\ncheckoutInfoPage.personalInfo('Dadang', 'Konelo', '11111');\ncheckoutInfoPage.clickContinueBtn();\ncheckoutOverviewPage.assertOverview();\ncheckoutOverviewPage.clickFinishbtn();\ncheckoutCompletePage.assertionComplete();",
          "err": {},
          "uuid": "4ae6b5f4-c3de-436d-a564-d03c164cc54f",
          "parentUUID": "5d9cd1d7-9c47-4853-8754-f4a29e6ec6e3",
          "isHook": false,
          "skipped": false
        },
        {
          "title": "As a user I cannot checkout if I donnot completing to add my personal data",
          "fullTitle": "As a user I cannot checkout if I donnot completing to add my personal data",
          "timedOut": null,
          "duration": 7322,
          "state": "passed",
          "speed": "medium",
          "pass": true,
          "fail": false,
          "pending": false,
          "context": null,
          "code": "loginPage.login(URL, 'standard_user', 'secret_sauce');\nloginPage.assertLogin();\ndashboardPage.addSauceLabsBackpack();\ndashboardPage.clickShoppingChart();\nchartPage.sauceLabsBackpack();\nchartPage.clickCheckoutbtn();\ncheckoutInfoPage.clickContinueBtn;\ncheckoutInfoPage.AssertionError;",
          "err": {},
          "uuid": "8e0746a8-336d-42e4-8d28-e42f5c54d31e",
          "parentUUID": "5d9cd1d7-9c47-4853-8754-f4a29e6ec6e3",
          "isHook": false,
          "skipped": false
        }
      ],
      "suites": [],
      "passes": [
        "4ae6b5f4-c3de-436d-a564-d03c164cc54f",
        "8e0746a8-336d-42e4-8d28-e42f5c54d31e"
      ],
      "failures": [],
      "pending": [],
      "skipped": [],
      "duration": 33234,
      "root": true,
      "rootEmpty": false,
      "_timeout": 2000
    }
  ],
  "meta": {
    "mocha": {
      "version": "7.0.1"
    },
    "mochawesome": {
      "options": {
        "quiet": false,
        "reportFilename": "mochawesome",
        "saveHtml": false,
        "saveJson": true,
        "consoleReporter": "spec",
        "useInlineDiffs": false,
        "code": true
      },
      "version": "7.1.3"
    },
    "marge": {
      "options": {
        "chart": true,
        "overwrite": false,
        "html": false,
        "json": true,
        "reportDir": "cypress/reports"
      },
      "version": "6.2.0"
    }
  }
}